[    0.000000] Initializing crruup subsys cpuset
[    0.000000] Initializing cgroup subsys cpu
[    0.000000] Initializing cgroup subsys cpuacct
[    0.000000] Linux version 4.4.0-81-generic (buildd@lgw01-02) (gcc version 5.4.0 20160609 (Ubuntu 5.4.0-6ubuntu1~16.04.4) ) #104-Ubuntu SMP Wed Jun 14 08:17:06 UTC 2017 (Ubuntu 4.4.0-81.104-generic 4.4.67)
[    0.000000] Command line: BOOT_IMAGE=/boot/vmlinuz-4.4.0-81-generic root=LABEL=cloudimg-rootfs ro console=tty1 console=ttyS0
[    0.000000] KERNEL supported cpus:
[    0.000000]   Intel GenuineIntel
[    0.000000]   AMD AuthenticAMD
[    0.000000]   Centaur CentaurHauls
[    0.000000] x86/fpu: xstate_offset[2]:  576, xstate_sizes[2]:  256
[    0.000000] x86/fpu: Supporting XSAVE feature 0x01: 'x87 floating point registers'
[    0.000000] x86/fpu: Supporting XSAVE feature 0x02: 'SSE registers'
[    0.000000] x86/fpu: Supporting XSAVE feature 0x04: 'AVX registers'
[    0.000000] x86/fpu: Enabled xstate features 0x7, context size is 832 bytes, using 'standard' format.
[    0.000000] x86/fpu: Using 'lazy' FPU context switches.
[    0.000000] e820: BIOS-provided physical RAM map:
[    0.000000] BIOS-e820: [mem 0x0000000000000000-xx000000000009fbff] usable
[    0.000000] BIOS-e820: [mem 0x000000000009fc00-0x000000000009ffff] reserved
[    0.000000] BIOS-e820: [mem 0x00000000000f0000-0x00000000000fffff] reserved
[    0.000000] BIOS-e820: [mem 0x0000000000100000-0x000000003ffeffff] usable
[   0.000000] BIOS-e820: [mem 0x000000003fff0000-0x000000003fffffff] ACPI data
[    0.000000] BIOS-e820: [mem 0x00000000fec00000-0x00000000fec00fff] reserved
[    0.000000] BIOS-e820: [mem 0x00000000fee00000-0x00000000fee00fff] reserved
[    0.000000] BIOS-e820: [mem 0x00000000fffc0000-0x00000000ffffffff] reserved
[    0.000000] NX (Execute Disable) protection: active
[    0.000000] SMBIOS 2.5 present.
[    0.000000] Hypervisor detected: KVM
[    0.000000] e820: last_pfn = 0x3fff0 max_arch_pfn = 0x400000000
[    0.000000] MTRR: Disabled
[    0.000000] x86/PAT: MTRRs disabled, skipping PAT initialization too.
[    0.000000] x86/PAT: Configuration [0-7]: WB  WT  UC- UC  WB  WT  UC- UC  
[    0.000000] CPU MTRRs all blank - virtualized system.
[    0.000000] found SMP MP-table at [mem 0x0009fff0-0x0009ffff] mapped at [ffff88000009fff]]
[    0.000000] Scanning 1 areas for low memory corruption
[    0.000000] RAMDISK: [mem 0x36ac4000-0x37559fff]
[    0.000000] ACPI: Early table checksum verification disabled
[    0.000000] ACPI: RSDP 0x00000000000E0000 000024 (v02 VBOX  )
[    0.000000] ACPI: XSDT 0x000000003FFF0030 00003C (v01 VBOX   VBOXXSDT 00000001 ASL  00000061)
[    0.000000] ACPI: FACP 0x000000003FFF00F0 0000F4 (v04 VBOX   VBOXFACP 00000001 ASL  00000061)
[    0.000000] ACPI: DSDT 0x000000003FFF0470 0021C8 (v02 VBOX   VBOXBIOS 00000002 INTL 20100528)
[    0.000000] ACPI: FACS 0x000000003FFF0200 000040
[    0.000000] ACPI: FACS 0x000000003FFF0200 000040
[    0.000000] ACPI: APIC 0x000000003FFF0240 000054 (v02 VBOX   VBOXAPIC 00000001 ASL  00000061)
[    0.000000] ACPI: SSDT 0x000000003FFF02A0 0001CC (v01 VBOX   VBOXCPUT 00000002 INTL 20100528)
[    0.000000] No NUMA configuration found
[    0.000000] Faking a node at [mem 0x0000000000000000-0x000000003ffeffff]
[    0.000000] NODE_DATA(0) allocated [mem 0x3ffeb000-0x3ffeffff]
[    0.000000] kvm-clock: Using msrs 4b564d01 and 4b564d00
[    0.000000] kvm-clock: cpu 0, msr 0:3ffe3001, primary cpu clock
[    0.000000] kvm-clock: using sched offset of 2952153764 cycles
[    0.000000] clocksource: kvm-clock: mask: 0xffffffffffffffff max_cycles: 0x1cd42e4dffb, max_idle_ns: 881590591483 ns
[    0.000000] Zone ranges:
[    0.000000]   DMA      [mem 0x0000000000001000-0x0000000000ffffff]
[    0.000000]   DMA32    [mem 0x0000000001000000-0x000000003ffeffff]
[    0.000000]   Normal   empty
[    0.000000]   Device   empty
[    0.000000] Movable zone start for each node
[    0.000000] Early memory node ranges
[    0.000000]   node   0: [mem 0x0000000000001000-0x000000000009efff]
[    0.000000]   node   0: [mem 0x0000000000100000-0x000000003ffeffff]
[    0.000000] Initmem setup node 0 [mem 0x0000000000001000-0x000000003ffeffff]
[    0.000000] ACPI: PM-Timer IO Port: 0x4008
[    0.000000] IOAPIC[0]: apic_id 1, version 32, address 0xfec00000, GSI 0-23
[    0.000000] ACPI: INT_SRC_OVR (bus 0 bus_irq 0 global_irq 2 dfl dfl)
[    0.000000] ACPI: INT_SRC_OVR (bus 0 bus_irq 9 global_irq 9 high level)
[    0.000000] Using ACPI (MADT) for SMP configuration information
[    0.000000] smpboot: Allowing 1 CPUs, 0 hotplug CPUs
[    0.000000] PM: Registered nosave memory: [mem 0x00000000-0x00000fff]
[    0.000000] PM: Registered nosave memory: [mem 0x0009f000-0x0009ffff]
[    0.000000] PM: Registered nosave memory: [mem 0x000a0000-0x000effff]
[    0.000000] PM: Registered nosave memory: [mem 0x000f0000-0x000fffff]
[    0.000000] e820: [mem 0x40000000-0xfebfffff] available for PCI devices
[    0.000000] Booting paravirtualized kernel on KVM
[    0.000000] clocksource: refined-jiffies: mask: 0xffffffff max_cycles: 0xffffffff, max_idle_ns: 7645519600211568 ns
[    0.000000] setup_percpu: NR_CPUS:512 nr_cpumask_bits:512 nr_cpu_ids:1 nr_node_ids:1
[    0.000000] PERCPU: Embedded 33 pages/cpu @ffff88003fc00000 s98264 r8192 d28712 u2097152
[    0.000000] PV qspinlock hash table entries: 256 (order: 0, 4096 bytes)
[    0.000000] Built 1 zonelists in Node order, mobility grouping on.  Total pages: 257913
[    0.000000] Policy zone: DMA32
[    0.000000] Kernel command line: BOOT_IMAGE=/boot/vmlinuz-4.4.0-81-generic root=LABEL=cloudimg-rootfs ro console=tty1 console=ttyS0
[    0.000000] PID hash table entries: 4096 (order: 3, 32768 bytes)
[    0.000000] Memory: 1001872K/1048120K available (8469K kernel code, 1294K rwdata, 3984K rodata, 1484K init, 1316K bss, 46248K reserved, 0K cma-reserved)
[    0.000000] SLUB: HWalign=64, Order=0-3, MinObjects=0, CPUs=1, Nodes=1
[    0.000000] Hierarchical RCU implementation.
[    0.000000] 	Build-time adjustment of leaf fanout to 64.
[    0.000000] 	RCU restricting CPUs from NR_CPUS=512 to nr_cpu_ids=1.
[    0.000000] RCU: Adjusting geometry for rcu_fanout_leaf=64, nr_cpu_ids=1
[    0.000000] NR_IRQS:33024 nr_irqs:256 16
[    0.000000] Console: colour VGA+ 80x25
[    0.000000] console [tty1] enabled
[    0.000000] console [ttyS0] enabled
[    0.000000] tsc: Detected 3403.346 MHz processor
[    2.100279] Calibrating delay loop (skipped) preset value.. 6806.69 BogoMIPS (lpj=13613384)
[    2.115284] pid_max: default: 32768 minimum: 301
[    2.116174] ACPI: Core revision 20150930
[    2.117858] ACPI: 2 ACPI AML tables successfully acquired and loaded
[    2.162174] Security Framework initialized
[    2.167396] Yama: becoming mindful.
[    2.178588] AppArmor: AppArmor initialized
[    2.196559] Dentry cache hash table entries: 131072 (order: 8, 1048576 bytes)
[    2.205123] Inode-cache hash table entries: 65536 (order: 7, 524288 bytes)
[    2.221880] Mount-cache hash table entries: 2048 (order: 2, 16384 bytes)
[    2.240753] Mountpoint-cache hash table entries: 2048 (order: 2, 16384 bytes)
[    2.249145] Initializing cgroup subsys io
[    2.251474] Initializing cgroup subsys memory
[    2.259014] Initializing cgroup subsys devices
[    2.269385] Initializing cgroup subsys freezer
[    2.294141] Initializing cgroup subsys net_cls
[    2.301947] Initializing cgroup subsys perf_event
[    2.306612] Initializing cgroup subsys net_prio
[    2.316775] Initializing cgroup subsys hugetlb
[    2.321597] Initializing cgroup subsys pids
[    2.329618] CPU: Physical Processor ID: 0
[    2.344735] mce: CPU supports 0 MCE banks
[    2.373472] process: using mwait in idle threads
[    2.386533] Last level iTLB entries: 4KB 512, 2MB 8, 4MB 8
[    2.394700] Last level dTLB entries: 4KB 512, 2MB 32, 4MB 32, 1GB 0
[    2.427966] Freeing SMP alternatives memory: 32K (ffffffff820b8000 - ffffffff820c0000)
[    2.446288] ftrace: allocating 32129 entries in 126 pages
[    2.496912] smpboot: APIC(0) Converting physical 0 to logical package 0
[    2.517953] smpboot: Max logical packages: 1
[    2.531807] x2apic enabled
[    2.533992] Switched APIC routing to physical x2apic.
[    2.551054] ..TIMER: vector=0x30 apic1=0 pin1=2 apic2=-1 pin2=-1
[    2.662522] APIC calibration not consistent with PM-Timer: 101ms instead of 100ms
[    2.708543] APIC delta adjusted to PM-Timer: 6249970 (6323181)
[    2.716826] smpboot: CPU0: Intel(R) Core(TM) i5-3570K CPU @ 3.40GHz (family: 0x6, model: 0x3a, stepping: 0x9)
[    2.806379] Performance Events: unsupported p6 CPU model 58 no PMU driver, software events only.
[    2.858195] KVM setup paravirtual spinlock
[    2.888777] x86: Booted up 1 node, 1 CPUs
[    2.947838] smpboot: Total of 1 processors activated (6806.69 BogoMIPS)
[    3.088776] devtmpfs: initialized
[    3.111706] evm: security.selinux
[    3.178289] evm: security.SMACK64
[    3.210986] evm: security.SMACK64EXEC
[    3.251225] evm: security.SMACK64TRANSMUTE
[    3.278584] evm: security.SMACK64MMAP
[    3.331103] evm: security.ima
[    3.357677] evm: security.capability
[    3.437798] clocksource: jiffies: mask: 0xffffffff max_cycles: 0xffffffff, max_idle_ns: 7645041785100000 ns
[    3.439459] futex hash table entries: 256 (order: 2, 16384 bytes)
[    3.447007] pinctrl core: initialized pinctrl subsystem
[    3.562125] RTC time: 13:05:49, date: 06/27/17
[    3.569700] NET: Registered protocol family 16
[    3.588627] cpuidle: using governor ladder
[    3.632238] cpuidle: using governor menu
[    3.650434] PCCT header not found.
[    3.687852] ACPI: bus type PCI registered
[    3.709327] acpiphp: ACPI Hot Plug PCI Controller Driver version: 0.5
[    3.727608] PCI: Using configuration type 1 for base access
[    3.774493] ACPI: Added _OSI(Module Device)
[    3.794912] ACPI: Added _OSI(Processor Device)
[    3.892645] ACPI: Added _OSI(3.0 _SCP Extensions)
[    3.907963] ACPI: Added _OSI(Processor Aggregator Device)
[    3.916702] ACPI: Executed 1 blocks of module-level executable AML code
[    3.999561] ACPI: Interpreter enabled
[    4.027338] ACPI: (supports S0 S5)
[    4.035431] ACPI: Using IOAPIC for interrupt routing
[    4.064497] PCI: Using host bridge windows from ACPI; if necessary, use "pci=nocrs" and report a bug
[    4.189681] ACPI: PCI Root Bridge [PCI0] (domain 0000 [bus 00-ff])
[    4.298471] acpi PNP0A03:00: _OSC: OS supports [ASPM ClockPM Segments MSI]
[    4.313599] acpi PNP0A03:00: _OSC failed (AE_NOT_FOUND); disabling ASPM
[    4.443198] acpi PNP0A03:00: fail to add MMCONFIG information, can't access extended PCI configuration space under this bridge.
[    4.493348] PCI host bridge to bus 0000:00
[    4.556500] pci_bus 0000:00: root bus resource [io  0x0000-0x0cf7 window]
[    4.619614] pci_bus 0000:00: root bus resource [io  0x0d00-0xffff window]
[    4.736346] pci_bus 0000:00: root bus resource [mem 0x000a0000-0x000bffff window]
[    4.752083] pci_bus 0000:00: root bus resource [mem 0x40000000-0xffdfffff window]
[    4.787058] pci_bus 0000:00: root bus resource [bus 00-ff]
[    4.850290] pci 0000:00:01.1: legacy IDE quirk: reg 0x10: [io  0x01f0-0x01f7]
[    4.862803] pci 0000:00:01.1: legacy IDE quirk: reg 0x14: [io  0x03f6]
[    4.871153] pci 0000:00:01.1: legacy IDE quirk: reg 0x18: [io  0x0170-0x0177]
[    4.885069] pci 0000:00:01.1: legacy IDE quirk: reg 0x1c: [io  0x0376]
[    4.898840] pci 0000:00:07.0: quirk: [io  0x4000-0x403f] claimed by PIIX4 ACPI
[    4.908413] pci 0000:00:07.0: quirk: [io  0x4100-0x410f] claimed by PIIX4 SMB
[    4.940660] ACPI: PCI Interrupt Link [LNKA] (IRQs 5 9 10 *11)
[    4.951047] ACPI: PCI Interrupt Link [LNKB] (IRQs 5 9 10 *11)
[    4.962171] ACPI: PCI Interrupt Link [LNKC] (IRQs 5 9 *10 11)
[    5.002255] ACPI: PCI Interrupt Link [LNKD] (IRQs 5 *9 10 11)
[    5.005163] ACPI: Enabled 2 GPEs in block 00 to 07
[    5.006397] vgaarb: setting as boot device: PCI:0000:00:02.0
[    5.007345] vgaarb: device added: PCI:0000:00:02.0,decodes=io+mem,owns=io+mem,locks=none
[    5.012812] vgaarb: loaded
[    5.013855] vgaarb: bridge control possible 0000:00:02.0
[    5.017857] SCSI subsystem initialized
[    5.019238] ACPI: bus type USB registered
[    5.021012] usbcore: registered new interface driver usbfs
[    5.022006] usbcore: registered new interface driver hub
[    5.022941] usbcore: registered new device driver usb
[    5.034217] PCI: Using ACPI for IRQ routing
[    5.056663] NetLabel: Initializing
[    5.064401] NetLabel:  domain hash size = 128
[    5.071200] NetLabel:  protocols = UNLABELED CIPSOv4
[    5.081642] NetLabel:  unlabeled traffic allowed by default
[    5.091850] amd_nb: Cannot enumerate AMD northbridges
[    5.108698] clocksource: Switched to clocksource kvm-clock
[    5.126045] AppArmor: AppArmor Filesystem Enabled
[    5.153912] pnp: PnP ACPI init
[    5.155313] pnp: PnP ACPI: found 3 devices
[    5.173097] clocksource: acpi_pm: mask: 0xffffff max_cycles: 0xffffff, max_idle_ns: 2085701024 ns
[    5.201249] NET: Registered protocol family 2
[    5.217460] TCP established hash table entries: 8192 (order: 4, 65536 bytes)
[    5.236887] TCP bind hash table entries: 8192 (order: 5, 131072 bytes)
[    5.250830] TCP: Hash tables configured (established 8192 bind 8192)
[    5.257523] UDP hash table entries: 512 (order: 2, 16384 bytes)
[    5.270865] UDP-Lite hash table entries: 512 (order: 2, 16384 bytes)
[    5.284399] NET: Registered protocol family 1
[    5.301616] pci 0000:00:00.0: Limiting direct PCI/PCI transfers
[    5.338561] pci 0000:00:01.0: Activating ISA DMA hang workarounds
[    5.347965] Unpacking initramfs...
[    6.794948] Freeing initrd memory: 10840K (ffff880036ac4000 - ffff88003755a000)
[    6.822827] RAPL PMU detected, API unit is 2^-32 Joules, 3 fixed counters 10737418240 ms ovfl timer
[    6.836324] hw unit of domain pp0-core 2^-0 Joules
[    6.837237] hw unit of domain package 2^-0 Joules
[    6.838174] hw unit of domain pp1-gpu 2^-0 Joules
[    6.848552] platform rtc_cmos: registered platform RTC device (no PNP device found)
[    6.857620] Scanning for low memory corruption every 60 seconds
[    6.875887] audit: initializing netlink subsys (disabled)
[    6.884166] audit: type=2000 audit(1498568752.750:1): initialized
[    6.906740] Initialise system trusted keyring
[    6.912434] HugeTLB registered 2 MB page size, pre-allocated 0 pages
[    6.924214] zbud: loaded
[    6.927463] VFS: Disk quotas dquot_6.6.0
[    6.950849] VFS: Dquot-cache hash table entries: 512 (order 0, 4096 bytes)
[    6.954217] squashfs: version 4.0 (2009/01/31) Phillip Lougher
[    6.955981] fuse init (API version 7.23)
[    6.957299] Key type big_key registered
[    6.958445] Allocating IMA MOK and blacklist keyrings.
[    6.961191] Key type asymmetric registered
[    6.962379] Asymmetric key parser 'x509' registered
[    6.964354] Block layer SCSI generic (bsg) driver version 0.4 loaded (major 249)
[    6.967112] io scheduler noop registered
[    6.968247] io scheduler deadline registered (default)
[    6.971014] io scheduler cfq registered
[    6.972136] pci_hotplug: PCI Hot Plug PCI Core version: 0.5
[    6.975905] pciehp: PCI Express Hot Plug Controller Driver version: 0.4
[    6.977830] ACPI: AC Adapter [AC] (on-line)
[    6.979175] input: Power Button as /devices/LNXSYSTM:00/LNXPWRBN:00/input/input0
[    6.982488] ACPI: Power Button [PWRF]
[    6.983644] input: Sleep Button as /devices/LNXSYSTM:00/LNXSLPBN:00/input/input1
[    6.986924] ACPI: Sleep Button [SLPF]
[    6.988251] GHES: HEST is not enabled!
[    6.989784] Serial: 8250/16550 driver, 32 ports, IRQ sharing enabled
[    7.014393] 00:02: ttyS0 at I/O 0x3f8 (irq = 4, base_baud = 115200) is a 16550A
[    7.032936] Linux agpgart interface v0.103
[    7.052891] loop: module loaded
[    7.068414] scsi host0: ata_piix
[    7.088330] scsi host1: ata_piix
[    7.105055] ata1: PATA max UDMA/33 cmd 0x1f0 ctl 0x3f6 bmdma 0xd000 irq 14
[    7.126246] ata2: PATA max UDMA/33 cmd 0x170 ctl 0x376 bmdma 0xd008 irq 15
[    7.151690] libphy: Fixed MDIO Bus: probed
[    7.153679] tun: Universal TUN/TAP device driver, 1.6
[    7.177280] tun: (C) 1999-2004 Max Krasnyansky <maxk@qualcomm.com>
[    7.197650] PPP generic driver version 2.4.2
[    7.198538] ehci_hcd: USB 2.0 'Enhanced' Host Controller (EHCI) Driver
[    7.221141] ehci-pci: EHCI PCI platform driver
[    7.299939] ehci-platform: EHCI generic platform driver
[    7.358379] ohci_hcd: USB 1.1 'Open' Host Controller (OHCI) Driver
[    7.381608] ohci-pci: OHCI PCI platform driver
[    7.398519] ohci-platform: OHCI generic platform driver
[    7.467326] uhci_hcd: USB Universal Host Controller Interface driver
[    7.529094] i8042: PNP: PS/2 Controller [PNP0303:PS2K,PNP0f03:PS2M] at 0x60,0x64 irq 1,12
[    7.600686] serio: i8042 KBD port at 0x60,0x64 irq 1
[    7.623532] serio: i8042 AUX port at 0x60,0x64 irq 12
[    7.636807] mousedev: PS/2 mouse device common for all mice
[    7.684815] input: AT Translated Set 2 keyboard as /devices/platform/i8042/serio0/input/input2
[    7.729506] rtc_cmos rtc_cmos: rtc core: registered rtc_cmos as rtc0
[    7.772270] rtc_cmos rtc_cmos: alarms up to one day, 114 bytes nvram
[    7.788663] i2c /dev entries driver
[    7.870212] tsc: Refined TSC clocksource calibration: 3404.926 MHz
[    7.930603] clocksource: tsc: mask: 0xffffffffffffffff max_cycles: 0x31147caf5e5, max_idle_ns: 440795375991 ns
[    7.958390] device-mapper: uevent: version 1.0.3
[    7.990187] device-mapper: ioctl: 4.34.0-ioctl (2015-10-28) initialised: dm-devel@redhat.com
[    8.063427] ledtrig-cpu: registered to indicate activity on CPUs
[    8.088362] NET: Registered protocol family 10
[    8.125862] NET: Registered protocol family 17
[    8.171821] Key type dns_resolver registered
[    8.203975] microcode: CPU0 sig=0x306a9, pf=0x2, revision=0x19
[    8.258322] microcode: Microcode Update Driver: v2.01 <tigran@aivazian.fsnet.co.uk>, Peter Oruba
[    8.279025] registered taskstats version 1
[    8.317395] Loading compiled-in X.509 certificates
[    8.434116] Loaded X.509 cert 'Build time autogenerated kernel key: 4e3fcaabc4148de0b198d1fb3d36a6c6d4cf062b'
[    8.457058] zswap: loaded using pool lzo/zbud
[    8.502664] Key type trusted registered
[    8.570418] Key type encrypted registered
[    8.630619] AppArmor: AppArmor sha1 policy hashing enabled
[    8.710646] ima: No TPM chip found, activating TPM-bypass!
[    8.798045] evm: HMAC attrs: 0x1
[    8.826312]   Magic number: 5:919:79
[    8.854999] rtc_cmos rtc_cmos: setting system clock to 2017-06-27 13:05:54 UTC (1498568754)
[    8.988471] BIOS EDD facility v0.16 2004-Jun-25, 0 devices found
[    9.019102] EDD information not available.
[    9.069870] Freeing unused kernel memory: 1484K (ffffffff81f45000 - ffffffff820b8000)
[    9.081703] Write protecting the kernel read-only data: 14336k
[    9.109069] Freeing unused kernel memory: 1760K (ffff880001848000 - ffff880001a00000)
[    9.143313] Freeing unused kernel memory: 112K (ffff880001de4000 - ffff880001e00000)
Loading, please [    9.243459] random: udevadm: uninitialized urandom read (16 bytes read, 4 bits of entropy available)
wait...
startin[    9.318070] random: systemd-udevd: uninitialized urandom read (16 bytes read, 4 bits of entropy available)
g version 229
[    9.472136] random: udevadm: uninitialized urandom read (16 bytes read, 4 bits of entropy available)
[    9.538509] random: udevadm: uninitialized urandom read (16 bytes read, 4 bits of entropy available)
[    9.579488] random: systemd-udevd: uninitialized urandom read (16 bytes read, 4 bits of entropy available)
[    9.596390] random: systemd-udevd: uninitialized urandom read (16 bytes read, 4 bits of entropy available)
[    9.635119] random: udevadm: uninitialized urandom read (16 bytes read, 4 bits of entropy available)
[    9.778521] random: systemd-udevd: uninitialized urandom read (16 bytes read, 4 bits of entropy available)
[    9.898315] random: udevadm: uninitialized urandom read (16 bytes read, 4 bits of entropy available)
[    9.978755] random: udevadm: uninitialized urandom read (16 bytes read, 4 bits of entropy available)
[   10.048338] Fusion MPT base driver 3.04.20
[   10.088485] Copyright (c) 1999-2008 LSI Corporation
[   10.160898] e1000: Intel(R) PRO/1000 Network Driver - version 7.3.21-k8-NAPI
[   10.225824] e1000: Copyright (c) 1999-2006 Intel Corporation.
[   10.267371] AVX version of gcm_enc/dec engaged.
[   10.269536] AES CTR mode by8 optimization enabled
[   10.299122] Fusion MPT SPI Host driver 3.04.20
[   10.359729] input: ImExPS/2 Generic Explorer Mouse as /devices/platform/i8042/serio1/input/input4
[   10.700762] e1000 0000:00:03.0 eth0: (PCI:33MHz:32-bit) 02:09:ed:5e:5b:38
[   10.708962] e1000 0000:00:03.0 eth0: Intel(R) PRO/1000 Network Connection
[   10.718321] mptbase: ioc0: Initiating bringup
[   10.796916] ioc0: LSI53C1030 A0: Capabilities={Initiator}
[   10.973871] scsi host2: ioc0: LSI53C1030 A0, FwRev=00000000h, Ports=1, MaxQ=256, IRQ=20
[   11.110110] scsi 2:0:0:0: Direct-Access     VBOX     HARDDISK         1.0  PQ: 0 ANSI: 5
[   11.209015] scsi target2:0:0: Beginning Domain Validation
[   11.287402] scsi target2:0:0: Domain Validation skipping write tests
[   11.321690] scsi target2:0:0: Ending Domain Validation
[   11.420221] scsi target2:0:0: asynchronous
[   11.479797] scsi 2:0:1:0: Direct-Access     VBOX     HARDDISK         1.0  PQ: 0 ANSI: 5
[   11.604213] scsi target2:0:1: Beginning Domain Validation
[   11.793979] scsi target2:0:1: Domain Validation skipping write tests
[   11.888388] scsi target2:0:1: Ending Domain Validation
[   11.969314] scsi target2:0:1: asynchronous
[   12.042131] e1000 0000:00:08.0 eth1: (PCI:33MHz:32-bit) 08:00:27:ce:4b:59
[   12.055590] e1000 0000:00:08.0 eth1: Intel(R) PRO/1000 Network Connection
[   12.066810] e1000 0000:00:08.0 enp0s8: renamed from eth1
[   12.172682] e1000 0000:00:03.0 enp0s3: renamed from eth0
[   12.192013] sd 2:0:0:0: Attached scsi generic sg0 type 0
[   12.250030] sd 2:0:0:0: [sda] 20971520 512-byte logical blocks: (10.7 GB/10.0 GiB)
[   12.309541] sd 2:0:1:0: [sdb] 20480 512-byte logical blocks: (10.5 MB/10.0 MiB)
[   12.349148] sd 2:0:1:0: Attached scsi generic sg1 type 0
[   12.459936] sd 2:0:0:0: [sda] Write Protect is off
[   12.560950] sd 2:0:1:0: [sdb] Write Protect is off
[   12.588164] sd 2:0:1:0: [sdb] Incomplete mode parameter data
[   12.604613] sd 2:0:1:0: [sdb] Assuming drive cache: write through
[   12.647759] sd 2:0:0:0: [sda] Incomplete mode parameter data
[   12.671643] sd 2:0:0:0: [sda] Assuming drive cache: write through
[   12.701038]  sda: sda1
[   12.729685] sd 2:0:0:0: [sda] Attached SCSI disk
[   12.752763] sd 2:0:1:0: [sdb] Attached SCSI disk
[   13.256906] floppy0: no floppy controllers found
Begin: Loading e[   14.522531] md: linear personality registered for level -1
ssential drivers ... [   14.541659] md: multipath personality registered for level -4
[   14.555378] md: raid0 personality registered for level 0
[   14.575147] md: raid1 personality registered for level 1
[   14.660887] raid6: sse2x1   gen()  7969 MB/s
[   14.732762] raid6: sse2x1   xor()  7581 MB/s
[   14.804778] raid6: sse2x2   gen() 10489 MB/s
[   14.881507] raid6: sse2x2   xor()  6750 MB/s
[   14.952761] raid6: sse2x4   gen()  9599 MB/s
[   15.032716] raid6: sse2x4   xor()  9797 MB/s
[   15.047795] raid6: using algorithm sse2x2 gen() 10489 MB/s
[   15.174289] raid6: .... xor() 6750 MB/s, rmw enabled
[   15.338529] raid6: using ssse3x2 recovery algorithm
[   15.385837] xor: automatically using best checksumming function:
[   15.433205]    avx       : 19687.000 MB/sec
[   15.437444] async_tx: api initialized (async)
[   15.456153] md: raid6 personality registered for level 6
[   15.470027] md: raid5 personality registered for level 5
[   15.513148] md: raid4 personality registered for level 4
[   15.535920] md: raid10 personality registered for level 10
done.
Begin: Running /scripts/init-premount ... done.
Begin: Mounting root file system ... Begin: R[   15.586358] Btrfs loaded
unning /scripts/[   15.617704] EXT4-fs (sda1): mounted filesystem with ordered data mode. Opts: (null)
local-top ... done.
Begin: Running /scripts/local-premount ... Scanning for Btrfs filesystems
done.
Warning: fsck not present, so skipping root file system
done.
Begin: Running /scripts/local-bottom ... done.
Begin: Running /scripts/init-bottom ... done.
[   15.672370] systemd[1]: systemd 229 running in system mode. (+PAM +AUDIT +SELINUX +IMA +APPARMOR +SMACK +SYSVINIT +UTMP +LIBCRYPTSETUP +GCRYPT +GNUTLS +ACL +XZ -LZ4 +SECCOMP +BLKID +ELFUTILS +KMOD -IDN)
[   15.682683] systemd[1]: Detected virtualization oracle.
[   15.684059] systemd[1]: Detected architecture x86-64.

Welcome to [1mUbuntu 16.04.2 LTS[0m!

[   15.692589] systemd[1]: Set hostname to <ubuntu>.
[   15.695860] systemd[1]: Initializing machine ID from random generator.
[   15.698791] systemd[1]: Installed transient /etc/machine-id file.
[   15.794979] systemd[1]: Reached target Swap.
[[0;32m  OK  [0m] Reached target Swap.
[   15.873182] systemd[1]: Started Trigger resolvconf update for networkd DNS.
[[0;32m  OK  [0m] Started Trigger resolvconf update for networkd DNS.
[   15.911823] systemd[1]: Listening on Syslog Socket.
[[0;32m  OK  [0m] Listening on Syslog Socket.
[   15.945066] systemd[1]: Reached target Encrypted Volumes.
[[0;32m  OK  [0m] Reached target Encrypted Volumes.
[   15.970547] systemd[1]: Listening on Journal Audit Socket.
[[0;32m  OK  [0m] Listening on Journal Audit Socket.
[   16.005096] systemd[1]: Listening on udev Kernel Socket.
[[0;32m  OK  [0m] Listening on udev Kernel Socket.
[   16.020182] systemd[1]: Created slice System Slice.
[[0;32m  OK  [0m] Created slice System Slice.
[   16.025712] systemd[1]: Reached target User and Group Name Lookups.
[[0;32m  OK  [0m] Reached target User and Group Name Lookups.
[   16.077559] systemd[1]: Listening on udev Control Socket.
[[0;32m  OK  [0m] Listening on udev Control Socket.
[   16.101124] systemd[1]: Listening on Device-mapper event daemon FIFOs.
[[0;32m  OK  [0m] Listening on Device-mapper event daemon FIFOs.
[   16.137113] systemd[1]: Listening on LVM2 metadata daemon socket.
[[0;32m  OK  [0m] Listening on LVM2 metadata daemon socket.
[   16.232982] systemd[1]: Created slice User and Session Slice.
[[0;32m  OK  [0m] Created slice User and Session Slice.
[   16.273056] systemd[1]: Listening on Journal Socket.
[[0;32m  OK  [0m] Listening on Journal Socket.
[   16.417605] systemd[1]: Mounting POSIX Message Queue File System...
         Mounting POSIX Message Queue File System...
[   16.485769] systemd[1]: Starting Uncomplicated firewall...
         Starting Uncomplicated firewall...
[   16.617806] systemd[1]: Starting Monitoring of LVM2 mirrors, snapshots etc. using dmeventd or progress polling...
         Starting Monitoring of LVM2 mirrors... dmeventd or progress polling...
[   16.721790] systemd[1]: Mounting Huge Pages File System...
         Mounting Huge Pages File System...
[   16.817719] systemd[1]: Starting Create list of required static device nodes for the current kernel...
         Starting Create list of required st... nodes for the current kernel...
[   16.921624] systemd[1]: Starting Nameserver information manager...
         Starting Nameserver information manager...
[   16.994025] systemd[1]: Starting Remount Root and Kernel File Systems...
         [   17.053438] EXT4-fs (sda1): re-mounted. Opts: (null)
Starting Remount Root and Kernel File Systems...
[   17.093682] systemd[1]: Starting Set console keymap...
         Starting Set console keymap...
[   17.111755] systemd[1]: Listening on Journal Socket (/dev/log).
[[0;32m  OK  [0m] Listening on Journal Socket (/dev/log).
[   17.234321] systemd[1]: Starting Journal Service...
         Starting Journal Service...
[   17.267384] systemd[1]: Starting Load Kernel Modules...
         Starting Load Kernel Modules...
[   17.290784] Loading iSCSI transport class v2.0-870.
[   17.307868] systemd[1]: Started Forward Password Requests to Wall Directory Watch.
[[0;32m  OK  [0m] Started Forward Password Requests to Wall Directory Watch.
[   17.323155] iscsi: registered transport (tcp)
[   17.346730] systemd[1]: Listening on LVM2 poll daemon socket.
[[0;32m  OK  [0m] Listening on LVM2 poll daemon socket.
[   17.374058] systemd[1]: Mounting Debug File System...
         [   17.388726] iscsi: registered transport (iser)
Mounting Debug File System...
[   17.421645] systemd[1]: Set up automount Arbitrary Executable File Formats File System Automount Point.
[[0;32m  OK  [0m] Set up automount Arbitrary Executab...ats File System Automount Point.
[   17.449659] systemd[1]: Listening on /dev/initctl Compatibility Named Pipe.
[[0;32m  OK  [0m] Listening on /dev/initctl Compatibility Named Pipe.
[   17.462820] systemd[1]: Reached target Slices.
[[0;32m  OK  [0m] Reached target Slices.
[   17.467095] systemd[1]: Created slice system-serial\x2dgetty.slice.
[[0;32m  OK  [0m] Created slice system-serial\x2dgetty.slice.
[   17.483733] systemd[1]: Mounted Huge Pages File System.
[[0;32m  OK  [0m] Mounted Huge Pages File System.
[   17.517753] systemd[1]: Mounted Debug File System.
[[0;32m  OK  [0m] Mounted Debug File System.
[   17.529057] systemd[1]: Mounted POSIX Message Queue File System.
[[0;32m  OK  [0m] Mounted POSIX Message Queue File System.
[   17.538058] systemd[1]: Started Journal Service.
[[0;32m  OK  [0m] Started Journal Service.
[[0;32m  OK  [0m] Started Uncomplicated firewall.
[[0;32m  OK  [0m] Started Create list of required sta...ce nodes for the current kernel.
[[0;32m  OK  [0m] [   17.566608] random: nonblocking pool is initialized
Started Remount Root and Kernel File Systems.
[[0;32m  OK  [0m] Started Set console keymap.
[[0;32m  OK  [0m] Started Load Kernel Modules.
[[0;32m  OK  [0m] Started Nameserver information manager.
[[0;32m  OK  [0m] Started LVM2 metadata daemon.
         Starting Apply Kernel Variables...
         Mounting FUSE Control File System...
         Starting Initial cloud-init job (pre-networking)...
         Starting udev Coldplug all Devices...
         Starting Load/Save Random Seed...
         Starting Create Static Device Nodes in /dev...
         Starting Flush Journal to Persistent Storage...
[[0;32m  OK  [0m] Mounted FUSE Control File System.
[[0;32m  OK  [0m] Started Apply Kernel Variables.
[[0;32m  OK  [0m] Started Load/Save Random Seed.
[[0;32m  OK  [0m] Started Create Static Device Nodes in /dev.
[[0;32m  OK  [0m] Started udev Coldplug all Devices.
[[0;32m  OK  [0m] Started Flush Journal to Persistent Storage.
         Starting udev Kernel Device Manager...
[[0;32m  OK  [0m] Started udev Kernel Device Manager.
[[0;32m  OK  [0m] Started Dispatch Password Requests to Console Directory Watch.
[[0;32m  OK  [0m] Started Monitoring of LVM2 mirrors,...ng dmeventd or progress polling.
[[0;32m  OK  [0m] Reached target Local File Systems (Pre).
[[0;32m  OK  [0m] Reached target Local File Systems.
         Starting Commit a transient machine-id on disk...
         Starting Create Volatile Files and Directories...
         Starting Set console font and keymap...
         Starting Tell Plymouth To Write Out Runtime Data...
         Starting LSB: AppArmor initialization...
[[0;32m  OK  [0m] Started Commit a transient machine-id on disk.
[[0;32m  OK  [0m] Started Create Volatile Files and Directories.
[[0;32m  OK  [0m] Started Tell Plymouth To Write Out Runtime Data.
[[0;32m  OK  [0m] Found device /dev/ttyS0.
[[0;32m  OK  [0m] Reached target System Time Synchronized.
         Starting Update UTMP about System Boot/Shutdown...
[[0;32m  OK  [0m] Listening on Load/Save RF Kill Switch Status /dev/rfkill Watch.
[[0;32m  OK  [0m] Started Set console font and keymap.
[[0;32m  OK  [0m] Started Update UTMP about System Boot/Shutdown.
[[0;32m  OK  [0m] Started Initial cloud-init job (pre-networking).
[[0;32m  OK  [0m] Reached target Network (Pre).
[[0;32m  OK  [0m] Created slice system-getty.slice.
[   14.695467] cloud-init[454]: Cloud-init v. 0.7.9 running 'init-local' at Tue, 27 Jun 2017 13:06:04 +0000. Up 14.09 seconds.
[[0;32m  OK  [0m] Started LSB: AppArmor initialization.
         Starting Raise network interfaces...
[[0;32m  OK  [0m] Started Raise network interfaces.
         Starting Initial cloud-init job (metadata service crawler)...
[[0;32m  OK  [0m] Reached target Network.
[   17.470601] cloud-init[953]: Cloud-init v. 0.7.9 running 'init' at Tue, 27 Jun 2017 13:06:07 +0000. Up 16.92 seconds.
[   17.528859] cloud-init[953]: ci-info: +++++++++++++++++++++++++++++++++++++Net device info++++++++++++++++++++++++++++++++++++++
[[0;32m  OK  [0m] Started Initial cloud-init job (metadata service crawler).
[[0;32m  OK  [0m] Reached target Network is Online.
         Starting iSCSI initiator daemon (iscsid)...
[[0;32m  OK  [0m] Reached target System Initialization.
[   17.531410] cloud-init[953]: ci-info: +--------+-------+---------------------------+---------------+-------+-------------------+
[   17.764523] cloud-init[953]: ci-info: | Device |   Up  |          Address          |      Mask     | Scope |     Hw-Address    |
[[0;32m  OK  [0m] Started Daily Cleanup of Temporary Directories.
         Starting Socket activation for snappy daemon.
[   17.830561] cloud-init[953]: ci-info: +--------+-------+---------------------------+---------------+-------+-------------------+
[   17.916332] cloud-init[953]: ci-info: | enp0s3 |  True |         10.0.2.15         | 255.255.255.0 |   .   | 02:09:ed:5e:5b:38 |
[[0;32m  OK  [0m] Listening on D-Bus System Message Bus Socket.
[[0;32m  OK  [0m] Listening on ACPID Listen Socket.
[   17.982817] cloud-init[953]: ci-info: | enp0s3 |  True | fe80::9:edff:fe5e:5b38/64 |       .       |  link | 02:09:ed:5e:5b:38 |
[   18.018426] cloud-init[953]: ci-info: | enp0s8 | False |             .             |       .       |   .   | 08:00:27:ce:4b:59 |
         Starting LXD - unix socket.
[[0;32m  OK  [0m] Started Daily apt activities.
[   18.058659] cloud-init[953]: ci-info: |   lo   |  True |         127.0.0.1         |   255.0.0.0   |   .   |         .         |
[   18.146139] cloud-init[953]: ci-info: |   lo   |  True |          ::1/128          |       .       |  host |         .         |
[[0;32m  OK  [0m] Started Timer to automatically refresh installed snaps.
[[0;32m  OK  [0m] Reached target Timers.
[   18.191096] cloud-init[953]: ci-info: +--------+-------+---------------------------+---------------+-------+-------------------+
[   18.264768] cloud-init[953]: ci-info: +++++++++++++++++++++++++++Route IPv4 info++++++++++++++++++++++++++++
[[0;32m  OK  [0m] Started ACPI Events Check.
[[0;32m  OK  [0m] Reached target Paths.
[   18.306478] cloud-init[953]: ci-info: +-------+-------------+----------+---------------+-----------+-------+
[   18.391278] cloud-init[953]: [[0;32m  OK  [0m] Listening on UUID daemon activation socket.
[[0;32m  OK  [0m] Reached target Cloud-config availability.
[[0;32m  OK  [0m] Listening on Socket activation for snappy daemon.
[[0;32m  OK  [0m] Listening on LXD - unix socket.
ci-info: | Route | Destination | Gateway  |    Genmask    | Interface | Flags |
[   18.492325] cloud-init[953]: ci-info: +-------+-------------+----------+---------------+-----------+-------+
[[0;32m  OK  [0m] Started iSCSI initiator daemon (iscsid).
[   18.530777] cloud-init[953]: ci-info: |   0   |   0.0.0.0   | 10.0.2.2 |    0.0.0.0    |   enp0s3  |   UG  |
[   18.596845] cloud-init[953]: ci-info: |   1   |   10.0.2.0  | 0.0.0.0  | 255.255.255.0 |   enp0s3  |   U   |
[   18.634407] cloud-init[953]: ci-info: +-------+-------------+----------+---------------+-----------+-------+
[   18.637296] cloud-init[953]: Generating public/private rsa key pair.
         Starting Login to default iSCSI targets...
[[0;32m  OK  [0m] Reached target Sockets.
[   18.652063] cloud-init[953]: Your identification has been saved in /etc/ssh/ssh_host_rsa_key.
[   18.754978] cloud-init[953]: Your public key has been saved in /etc/ssh/ssh_host_rsa_key.pub.
[[0;32m  OK  [0m] Reached target Basic System.
[[0;32m  OK  [0m] Started Deferred execution scheduler.
[[0;32m  OK  [0m] Started Unattended Upgrades Shutdown.
[   18.782517] cloud-init[953]: The key fingerprint is:
         Starting LXD - container startup/shutdown...
         Starting System Logging Service...
[   18.878024] cloud-init[953]: SHA256:/iK1cECbfRs1ICPQ0XkyqbWqD6R5oBr/fBqexa9tsAA root@ubuntu-xenial
[[0;32m  OK  [0m] Started Regular background program processing daemon.
         Starting LSB: MD monitoring daemon...
[[0;32m  OK  [0m] Started FUSE filesystem for LXC.
         Starting LSB: Record successful boot for GRUB...
[   18.919993] cloud-init[953]: The key's randomart image is:
[[0;32m  OK  [0m] Started ACPI event daemon.
         Starting Apply the settings specified in cloud-config...
         Starting Login Service...
[[0;32m  OK  [0m] Started D-Bus System Message Bus.
[   19.038130] cloud-init[953]: +---[RSA 2048]----+
[   19.167086] cloud-init[953]: |    .ooooo..     |
         Starting Accounts Service...
         Starting Pollinate to seed the pseudo random number generator...
         Starting /etc/rc.local Compatibility...
[[0;32m  OK  [0m] Started Snappy daemon.
         Starting Auto import assertions from block devices...
[[0;32m  OK  [0m] Started System Logging Service.
[[0;32m  OK  [0m] Started LXD - container startup/shutdown.
[   19.179738] cloud-init[953]: |      o.Bo. o    |
[[0;32m  OK  [0m] Started /etc/rc.local Compatibility.
[[0;32m  OK  [0m] Started Auto import assertions from block devices.
[   19.241810] cloud-init[953]: |     . * = . .   |
[[0;32m  OK  [0m] Started Login to default iSCSI targets.
[   19.363050] cloud-init[953]: |  E   = o o      |
[   19.491409] cloud-init[953]: |  ...  oS. o     |
[[0;32m  OK  [0m] Started LSB: MD monitoring daemon.
[[0;32m  OK  [0m] Started LSB: Record successful boot for GRUB.
[   19.522421] cloud-init[953]: | . =..+.o .      |
         Starting Authenticate and Authorize Users to Run Privileged Tasks...
[[0;32m  OK  [0m] Reached target Remote File Systems (Pre).
[[0;32m  OK  [0m] Reached target Remote File Systems.
         Starting LSB: daemon to balance interrupts for SMP systems...
         Starting LSB: Set the CPU Frequency Scaling governor to "ondemand"...
         Starting Permit User Sessions...
         Starting LSB: VirtualBox Linux Additions...
         Starting LSB: automatic crash report generation...
[[0;32m  OK  [0m] Started Permit User Sessions.
[[0;32m  OK  [0m] Started Login Service.
[[0;32m  OK  [0m] Started Authenticate and Authorize Users to Run Privileged Tasks.
[[0;32m  OK  [0m] Started Accounts Service.
[   19.661106] cloud-init[953]: |o o +oo*..       |
[[0;32m  OK  [0m] Started LSB: Set the CPU Frequency Scaling governor to "ondemand".
[[0;32m  OK  [0m] Started LSB: daemon to balance interrupts for SMP systems.
[   20.168640] cloud-init[953]: |.o +.=+o+.       |
         [   20.268846] cloud-init[953]: |. ..*+o+o..      |
[   20.268919] cloud-init[953]: +----[SHA256]-----+
[   20.268955] cloud-init[953]: Generating public/private dsa key pair.
[   20.268988] cloud-init[953]: Your identification has been saved in /etc/ssh/ssh_host_dsa_key.
[   20.269022] cloud-init[953]: Your public key has been saved in /etc/ssh/ssh_host_dsa_key.pub.
[   20.269060] cloud-init[953]: The key fingerprint is:
[   20.269092] cloud-init[953]: SHA256:LvfdOVYAL0ARneUIcEnyJyEpR09FKfGOXwiVeQhKdnE root@ubuntu-xenial
[   20.269126] cloud-init[953]: The key's randomart image is:
[   20.269159] cloud-init[953]: +---[DSA 1024]----+
[   20.269190] cloud-init[953]: |       .B=#@EB.  |
[   20.269223] cloud-init[953]: |      .ooX+*Oo.  |
[   20.269274] cloud-init[953]: |       o. =o++.  |
[   20.269311] cloud-init[953]: |           *..o  |
[   20.269348] cloud-init[953]: |        S . o... |
[   20.269381] cloud-init[953]: |       .   . .  .|
[   20.269412] cloud-init[953]: |      . o   .  . |
[   20.269444] cloud-init[953]: |       o . . .o. |
[   20.269476] cloud-init[953]: |          . ..o. |
[   20.269508] cloud-init[953]: +----[SHA256]-----+
[   20.269539] cloud-init[953]: Generating public/private ecdsa key pair.
[   20.269570] cloud-init[953]: Your identification has been saved in /etc/ssh/ssh_host_ecdsa_key.
[   20.269603] cloud-init[953]: Your public key has been saved in /etc/ssh/ssh_host_ecdsa_key.pub.
[   20.269634] cloud-init[953]: The key fingerprint is:
[   20.269711] cloud-init[953]: SHA256:HVCRhv5D44FRdvWr7w22QBMFCDKOpaRrGrQX/Ck3dFo root@ubuntu-xenial
[   20.269748] cloud-init[953]: The key's randomart image is:
[   20.269781] cloud-init[953]: +---[ECDSA 256]---+
[   20.269812] cloud-init[953]: |    . + o==+ooo  |
[   20.269844] cloud-init[953]: |  .o = ooo+. . . |
[   20.269875] cloud-init[953]: | ..oo..E +. .   .|
[   20.269907] cloud-init[953]: |. ..+ = o.+. .  .|
[   20.269938] cloud-init[953]: |..oo *  S+.oo  . |
[   20.269970] cloud-init[953]: | +. o .   +. ..  |
[   20.270002] cloud-init[953]: |.          ...o  |
[   20.270033] cloud-init[953]: |             o.o.|
[   20.270066] cloud-init[953]: |              oo.|
[   20.270096] cloud-init[953]: +----[SHA256]-----+
[   20.270128] cloud-init[953]: Generating public/private ed25519 key pair.
[   20.270162] cloud-init[953]: Your identification has been saved in /etc/ssh/ssh_host_ed25519_key.
[   20.270193] cloud-init[953]: Your public key has been saved in /etc/ssh/ssh_host_ed25519_key.pub.
[   20.270225] cloud-init[953]: The key fingerprint is:
[   20.270255] cloud-init[953]: SHA256:RxF/Jh406+hxKkKVNgcfpqNg2POqNBbuh0Mim6RvO+c root@ubuntu-xenial
[   20.270286] cloud-init[953]: The key's randomart image is:
[   20.270318] cloud-init[953]: +--[ED25519 256]--+
[   20.270349] cloud-init[953]: |        . =.o    |
[   20.270381] cloud-init[953]: |   o     * = o   |
[   20.270411] cloud-init[953]: |  . =   B + = o  |
[   20.270443] cloud-init[953]: |   . + + = + =   |
[   20.270474] cloud-init[953]: |  .   + S + +    |
[   20.270508] cloud-init[953]: |oo.. o   o +     |
[   20.270538] cloud-init[953]: |+==.. . . o      |
[   20.270570] cloud-init[953]: |++=oo  . .       |
[   20.270877] cloud-init[953]: | o=BE            |
[   20.270913] cloud-init[953]: +----[SHA256]-----+
Starting Terminate Plymouth Boot Screen...
         Starting Hold until boot process finishes up...
[[0;32m  OK  [0m] Started Pollinate to seed the pseudo random number generator.
[   20.293222] cloud-init[1094]: Generating locales (this might take a while)...
[[0;32m  OK  [0m] Started LSB: VirtualBox Linux Additions.
[[0;32m  OK  [0m] Started LSB: automatic crash report generation.
[[0;32m  OK  [0m] Started Terminate Plymouth Boot Screen.
[[0;32m  OK  [0m] Started Hold until boot process finishes up.
[   21.451208] cloud-init[1094]:   en_US.UTF-8... done
[   21.560508] cloud-init[1094]: Generation complete.
[[0;32m  OK  [0m] Started Serial Getty on ttyS0.
[[0;32m  OK  [0m] Started Getty on tty1.
[[0;32m  OK  [0m] Reached target Login Prompts.
         Starting Set console scheme...
[[0;32m  OK  [0m] Stopped OpenBSD Secure Shell server.
         Starting OpenBSD Secure Shell server...
[[0;32m  OK  [0m] Started OpenBSD Secure Shell server.
[[0;32m  OK  [0m] Started Set console scheme.
[[0;32m  OK  [0m] Reached target Multi-User System.
[[0;32m  OK  [0m] Reached target Graphical Interface.
         Starting Update UTMP about System Runlevel Changes...
[[0;32m  OK  [0m] Started Update UTMP about System Runlevel Changes.
[   22.003456] cloud-init[1094]: Cloud-init v. 0.7.9 running 'modules:config' at Tue, 27 Jun 2017 13:06:09 +0000. Up 19.66 seconds.
[[0;32m  OK  [0m] Started Apply the settings specified in cloud-config.
         Starting Execute cloud user/final scripts...
ci-info: no authorized ssh keys fingerprints found for user ubuntu.
<14>Jun 27 13:06:12 ec2: 
<14>Jun 27 13:06:12 ec2: #############################################################
<14>Jun 27 13:06:12 ec2: -----BEGIN SSH HOST KEY FINGERPRINTS-----
<14>Jun 27 13:06:12 ec2: 1024 SHA256:LvfdOVYAL0ARneUIcEnyJyEpR09FKfGOXwiVeQhKdnE root@ubuntu-xenial (DSA)
<14>Jun 27 13:06:12 ec2: 256 SHA256:HVCRhv5D44FRdvWr7w22QBMFCDKOpaRrGrQX/Ck3dFo root@ubuntu-xenial (ECDSA)
<14>Jun 27 13:06:12 ec2: 256 SHA256:RxF/Jh406+hxKkKVNgcfpqNg2POqNBbuh0Mim6RvO+c root@ubuntu-xenial (ED25519)
<14>Jun 27 13:06:12 ec2: 2048 SHA256:/iK1cECbfRs1ICPQ0XkyqbWqD6R5oBr/fBqexa9tsAA root@ubuntu-xenial (RSA)
<14>Jun 27 13:06:12 ec2: -----END SSH HOST KEY FINGERPRINTS-----
<14>Jun 27 13:06:12 ec2: #############################################################
-----BEGIN SSH HOST KEY KEYS-----
ecdsa-sha2-nistp256 AAAAE2VjZHNhLXNoYTItbmlzdHAyNTYAAAAIbmlzdHAyNTYAAABBBEXikZMh0Y3BqCPmOmR2LlDNwxDPGEa567HV8pKdBNSbmOybbYUofd5wxm+xUcz681cdt/V8tQSU6yxV8tselQ0= root@ubuntu-xenial
ssh-ed25519 AAAAC3NzaC1lZDI1NTE5AAAAIFtTw3SabNxSsy0OEF/xP5PONLO7KCTU1jIlVKyZ2qei root@ubuntu-xenial
ssh-rsa AAAAB3NzaC1yc2EAAAADAQABAAABAQCmftoF91QJWYaH0H3MCXYKXc+plxz84jXWKRVw4fy5mp1c1CoLOeBHHGwFjo58babP3MkB68bbRRHvUoyaeOgw1wEsdJjxL966TWq68NTNEUtsbUu7rwQDorWs1YtAQ3FxqK8LYDPRMkRHDW0qdcYpdJYQJexMtqNIiJY7teAGpJyzwdH/d1hq8mumoQQKIif+3sb8NcMkNNlP/cG51mQ0XG515LQew8CUwROOmDkus47DDFaKupxdpeRo2PQ6YwU4KSyEoYCKiAouEcNtOsgzolBXJWG2HkxzwaMFzalh1mePwcXl1+gAMm6XvbTQXJNb6fFBpj9l5pXmm1ccVJV1 root@ubuntu-xenial
-----END SSH HOST KEY KEYS-----
[   22.821273] cloud-init[1332]: Cloud-init v. 0.7.9 running 'modules:final' at Tue, 27 Jun 2017 13:06:12 +0000. Up 22.36 seconds.
[   22.841760] cloud-init[1332]: ci-info: no authorized ssh keys fingerprints found for user ubuntu.
[   22.851280] cloud-init[1332]: Cloud-init v. 0.7.9 finished at Tue, 27 Jun 2017 13:06:13 +0000. Datasource DataSourceNoCloud [seed=/dev/sdb][dsmode=net].  Up 22.81 seconds
[[0;32m  OK  [0m] Started Execute cloud user/final scripts.
[[0;32m  OK  [0m] Reached target Cloud-init target.

Ubuntu 16.04.2 LTS ubuntu-xenial ttyS0

ubuntu-xenial login: 